16:06:14 **** Incremental Build of configuration Nios II for project MOUSE ****
make all 
Info: Building ../MOUSE_bsp/
C:/intelFPGA_lite/18.1/nios2eds/bin/gnu/H-x86_64-mingw32/bin/make --no-print-directory -C ../MOUSE_bsp/
[BSP build complete]
Info: Compiling main.c to obj/default/main.o
nios2-elf-gcc -xc -MP -MMD -c -I../MOUSE_bsp//HAL/inc -I../MOUSE_bsp/ -I../MOUSE_bsp//drivers/inc  -pipe -D__hal__ -DALT_NO_INSTRUCTION_EMULATION -DALT_SINGLE_THREADED    -O0 -g -Wall   -mno-hw-div -mno-hw-mul -mno-hw-mulx -mgpopt=global  -o obj/default/main.o main.c
main.c: In function 'main':
main.c:207:17: warning: variable 'dy_prev3' set but not used [-Wunused-but-set-variable]
     signed char dy_prev3 = 0;
                 ^
main.c:204:17: warning: variable 'dx_prev3' set but not used [-Wunused-but-set-variable]
     signed char dx_prev3 = 0;
                 ^
main.c:191:13: warning: variable 'fs_device' set but not used [-Wunused-but-set-variable]
     alt_u16 fs_device = 0;
             ^
main.c:190:20: warning: variable 'no_device' set but not used [-Wunused-but-set-variable]
     static alt_u16 no_device = 0;
                    ^
Info: Linking MOUSE.elf
nios2-elf-g++  -T'../MOUSE_bsp//linker.x' -msys-crt0='../MOUSE_bsp//obj/HAL/src/crt0.o' -msys-lib=hal_bsp -L../MOUSE_bsp/   -Wl,-Map=MOUSE.map   -O0 -g -Wall   -mno-hw-div -mno-hw-mul -mno-hw-mulx -mgpopt=global  -o MOUSE.elf obj/default/main.o -lm -msys-lib=m
nios2-elf-insert MOUSE.elf --thread_model hal --cpu_name nios2_gen2_0 --qsys true --simulation_enabled false --id 0 --sidp 0x0 --timestamp 1639667328 --stderr_dev jtag_uart_0 --stdin_dev jtag_uart_0 --stdout_dev jtag_uart_0 --sopc_system_name lab8_soc --quartus_project_dir "C:/Users/sizhe/Desktop/385fp/ECE385-FINAL-2DMC/2DMC" --jdi C:/Users/sizhe/Desktop/385fp/ECE385-FINAL-2DMC/2DMC/software/MOUSE_bsp/../../lab8.jdi --sopcinfo C:/Users/sizhe/Desktop/385fp/ECE385-FINAL-2DMC/2DMC/software/MOUSE_bsp/../../lab8_soc.sopcinfo
Info: (MOUSE.elf) 84 KBytes program size (code + initialized data).
Info:             130980 KBytes free for stack + heap.
Info: Creating MOUSE.objdump
nios2-elf-objdump --disassemble --syms --all-header --source MOUSE.elf >MOUSE.objdump
[MOUSE build complete]

16:06:21 Build Finished (took 6s.862ms)

